============================= test session starts ==============================
platform darwin -- Python 3.14.5, pytest-9.0.3, pluggy-1.6.0 -- /Library/Frameworks/Python.framework/Versions/3.14/bin/python3
cachedir: .pytest_cache
rootdir: /Users/kunat/Documents/CodePath/AI110/Projects/ai110-module1-gameglitchinvestigator
plugins: anyio-4.13.0
collecting ... collected 6 items

tests/test_game_logic.py::test_winning_guess PASSED                      [ 16%]
tests/test_game_logic.py::test_guess_too_high PASSED                     [ 33%]
tests/test_game_logic.py::test_guess_too_low PASSED                      [ 50%]
tests/test_game_logic.py::test_too_high_shows_go_lower PASSED            [ 66%]
tests/test_game_logic.py::test_too_low_shows_go_higher PASSED            [ 83%]
tests/test_game_logic.py::test_hints_consistent_across_attempts PASSED   [100%]

============================== 6 passed in 0.01s ===============================
